2016-11-09 16:08:36,832 WARN org.apache.hadoop.util.NativeCodeLoader: Unable to load native-hadoop library for your platform... using builtin-java classes where applicable
2016-11-09 16:08:37,439 INFO org.apache.hadoop.conf.Configuration.deprecation: session.id is deprecated. Instead, use dfs.metrics.session-id
2016-11-09 16:08:37,441 INFO org.apache.hadoop.metrics.jvm.JvmMetrics: Initializing JVM Metrics with processName=JobTracker, sessionId=
2016-11-09 16:08:37,832 WARN org.apache.hadoop.mapreduce.JobResourceUploader: No job jar file set.  User classes may not be found. See Job or Job#setJar(String).
2016-11-09 16:08:37,845 INFO org.apache.hadoop.mapreduce.lib.input.FileInputFormat: Total input paths to process : 1
2016-11-09 16:08:37,909 INFO org.apache.hadoop.mapreduce.JobSubmitter: number of splits:1
2016-11-09 16:08:38,159 INFO org.apache.hadoop.mapreduce.JobSubmitter: Submitting tokens for job: job_local474929979_0001
2016-11-09 16:08:38,703 INFO org.apache.hadoop.mapreduce.Job: The url to track the job: http://localhost:8080/
2016-11-09 16:08:38,704 INFO org.apache.hadoop.mapreduce.Job: Running job: job_local474929979_0001
2016-11-09 16:08:38,705 INFO org.apache.hadoop.mapred.LocalJobRunner: OutputCommitter set in config null
2016-11-09 16:08:38,710 INFO org.apache.hadoop.mapreduce.lib.output.FileOutputCommitter: File Output Committer Algorithm version is 1
2016-11-09 16:08:38,711 INFO org.apache.hadoop.mapred.LocalJobRunner: OutputCommitter is org.apache.hadoop.mapreduce.lib.output.FileOutputCommitter
2016-11-09 16:08:38,782 INFO org.apache.hadoop.mapred.LocalJobRunner: Waiting for map tasks
2016-11-09 16:08:38,783 INFO org.apache.hadoop.mapred.LocalJobRunner: Starting task: attempt_local474929979_0001_m_000000_0
2016-11-09 16:08:38,830 INFO org.apache.hadoop.mapreduce.lib.output.FileOutputCommitter: File Output Committer Algorithm version is 1
2016-11-09 16:08:38,866 INFO org.apache.hadoop.mapred.Task:  Using ResourceCalculatorProcessTree : [ ]
2016-11-09 16:08:38,869 INFO org.apache.hadoop.mapred.MapTask: Processing split: file:/home/cloudera/workspace/mapreduce-examples/input/stackoverflow/inputComments.xml:0+6139407
2016-11-09 16:08:39,536 INFO org.apache.hadoop.mapred.MapTask: (EQUATOR) 0 kvi 26214396(104857584)
2016-11-09 16:08:39,536 INFO org.apache.hadoop.mapred.MapTask: mapreduce.task.io.sort.mb: 100
2016-11-09 16:08:39,536 INFO org.apache.hadoop.mapred.MapTask: soft limit at 83886080
2016-11-09 16:08:39,536 INFO org.apache.hadoop.mapred.MapTask: bufstart = 0; bufvoid = 104857600
2016-11-09 16:08:39,536 INFO org.apache.hadoop.mapred.MapTask: kvstart = 26214396; length = 6553600
2016-11-09 16:08:39,540 INFO org.apache.hadoop.mapred.MapTask: Map output collector class = org.apache.hadoop.mapred.MapTask$MapOutputBuffer
2016-11-09 16:08:39,706 INFO org.apache.hadoop.mapreduce.Job: Job job_local474929979_0001 running in uber mode : false
2016-11-09 16:08:39,707 INFO org.apache.hadoop.mapreduce.Job:  map 0% reduce 0%
2016-11-09 16:08:40,614 INFO org.apache.hadoop.mapred.LocalJobRunner: 
2016-11-09 16:08:40,615 INFO org.apache.hadoop.mapred.MapTask: Starting flush of map output
2016-11-09 16:08:40,615 INFO org.apache.hadoop.mapred.MapTask: Spilling map output
2016-11-09 16:08:40,615 INFO org.apache.hadoop.mapred.MapTask: bufstart = 0; bufend = 122644; bufvoid = 104857600
2016-11-09 16:08:40,615 INFO org.apache.hadoop.mapred.MapTask: kvstart = 26214396(104857584); kvend = 26117788(104471152); length = 96609/6553600
2016-11-09 16:08:40,946 INFO org.apache.hadoop.mapred.MapTask: Finished spill 0
2016-11-09 16:08:40,955 INFO org.apache.hadoop.mapred.Task: Task:attempt_local474929979_0001_m_000000_0 is done. And is in the process of committing
2016-11-09 16:08:40,981 INFO org.apache.hadoop.mapred.LocalJobRunner: map
2016-11-09 16:08:40,981 INFO org.apache.hadoop.mapred.Task: Task 'attempt_local474929979_0001_m_000000_0' done.
2016-11-09 16:08:40,981 INFO org.apache.hadoop.mapred.LocalJobRunner: Finishing task: attempt_local474929979_0001_m_000000_0
2016-11-09 16:08:41,002 INFO org.apache.hadoop.mapred.LocalJobRunner: map task executor complete.
2016-11-09 16:08:41,010 INFO org.apache.hadoop.mapred.LocalJobRunner: Waiting for reduce tasks
2016-11-09 16:08:41,011 INFO org.apache.hadoop.mapred.LocalJobRunner: Starting task: attempt_local474929979_0001_r_000000_0
2016-11-09 16:08:41,027 INFO org.apache.hadoop.mapreduce.lib.output.FileOutputCommitter: File Output Committer Algorithm version is 1
2016-11-09 16:08:41,028 INFO org.apache.hadoop.mapred.Task:  Using ResourceCalculatorProcessTree : [ ]
2016-11-09 16:08:41,030 INFO org.apache.hadoop.mapred.ReduceTask: Using ShuffleConsumerPlugin: org.apache.hadoop.mapreduce.task.reduce.Shuffle@43b71a61
2016-11-09 16:08:41,109 INFO org.apache.hadoop.mapreduce.task.reduce.MergeManagerImpl: MergerManager: memoryLimit=2602041344, maxSingleShuffleLimit=650510336, mergeThreshold=1717347328, ioSortFactor=10, memToMemMergeOutputsThreshold=10
2016-11-09 16:08:41,127 INFO org.apache.hadoop.mapreduce.task.reduce.EventFetcher: attempt_local474929979_0001_r_000000_0 Thread started: EventFetcher for fetching Map Completion Events
2016-11-09 16:08:41,145 INFO org.apache.hadoop.mapreduce.task.reduce.LocalFetcher: localfetcher#1 about to shuffle output of map attempt_local474929979_0001_m_000000_0 decomp: 38275 len: 38279 to MEMORY
2016-11-09 16:08:41,148 INFO org.apache.hadoop.mapreduce.task.reduce.InMemoryMapOutput: Read 38275 bytes from map-output for attempt_local474929979_0001_m_000000_0
2016-11-09 16:08:41,149 INFO org.apache.hadoop.mapreduce.task.reduce.MergeManagerImpl: closeInMemoryFile -> map-output of size: 38275, inMemoryMapOutputs.size() -> 1, commitMemory -> 0, usedMemory ->38275
2016-11-09 16:08:41,150 INFO org.apache.hadoop.mapreduce.task.reduce.EventFetcher: EventFetcher is interrupted.. Returning
2016-11-09 16:08:41,151 INFO org.apache.hadoop.mapred.LocalJobRunner: 1 / 1 copied.
2016-11-09 16:08:41,151 INFO org.apache.hadoop.mapreduce.task.reduce.MergeManagerImpl: finalMerge called with 1 in-memory map-outputs and 0 on-disk map-outputs
2016-11-09 16:08:41,156 INFO org.apache.hadoop.mapred.Merger: Merging 1 sorted segments
2016-11-09 16:08:41,156 INFO org.apache.hadoop.mapred.Merger: Down to the last merge-pass, with 1 segments left of total size: 38270 bytes
2016-11-09 16:08:41,190 INFO org.apache.hadoop.mapreduce.task.reduce.MergeManagerImpl: Merged 1 segments, 38275 bytes to disk to satisfy reduce memory limit
2016-11-09 16:08:41,191 INFO org.apache.hadoop.mapreduce.task.reduce.MergeManagerImpl: Merging 1 files, 38279 bytes from disk
2016-11-09 16:08:41,191 INFO org.apache.hadoop.mapreduce.task.reduce.MergeManagerImpl: Merging 0 segments, 0 bytes from memory into reduce
2016-11-09 16:08:41,192 INFO org.apache.hadoop.mapred.Merger: Merging 1 sorted segments
2016-11-09 16:08:41,192 INFO org.apache.hadoop.mapred.Merger: Down to the last merge-pass, with 1 segments left of total size: 38270 bytes
2016-11-09 16:08:41,192 INFO org.apache.hadoop.mapred.LocalJobRunner: 1 / 1 copied.
2016-11-09 16:08:41,204 INFO org.apache.hadoop.conf.Configuration.deprecation: mapred.skip.on is deprecated. Instead, use mapreduce.job.skiprecords
2016-11-09 16:08:41,324 INFO org.apache.hadoop.mapred.Task: Task:attempt_local474929979_0001_r_000000_0 is done. And is in the process of committing
2016-11-09 16:08:41,330 INFO org.apache.hadoop.mapred.LocalJobRunner: 1 / 1 copied.
2016-11-09 16:08:41,330 INFO org.apache.hadoop.mapred.Task: Task attempt_local474929979_0001_r_000000_0 is allowed to commit now
2016-11-09 16:08:41,331 INFO org.apache.hadoop.mapreduce.lib.output.FileOutputCommitter: Saved output of task 'attempt_local474929979_0001_r_000000_0' to file:/home/cloudera/workspace/mapreduce-examples/output/stackoverflow/filtering/distinct/_temporary/0/task_local474929979_0001_r_000000
2016-11-09 16:08:41,332 INFO org.apache.hadoop.mapred.LocalJobRunner: reduce > reduce
2016-11-09 16:08:41,332 INFO org.apache.hadoop.mapred.Task: Task 'attempt_local474929979_0001_r_000000_0' done.
2016-11-09 16:08:41,332 INFO org.apache.hadoop.mapred.LocalJobRunner: Finishing task: attempt_local474929979_0001_r_000000_0
2016-11-09 16:08:41,332 INFO org.apache.hadoop.mapred.LocalJobRunner: reduce task executor complete.
2016-11-09 16:08:41,730 INFO org.apache.hadoop.mapreduce.Job:  map 100% reduce 100%
2016-11-09 16:08:41,730 INFO org.apache.hadoop.mapreduce.Job: Job job_local474929979_0001 completed successfully
2016-11-09 16:08:41,738 INFO org.apache.hadoop.mapreduce.Job: Counters: 30
	File System Counters
		FILE: Number of bytes read=12355820
		FILE: Number of bytes written=693748
		FILE: Number of read operations=0
		FILE: Number of large read operations=0
		FILE: Number of write operations=0
	Map-Reduce Framework
		Map input records=25610
		Map output records=24153
		Map output bytes=122644
		Map output materialized bytes=38279
		Input split bytes=151
		Combine input records=24153
		Combine output records=5087
		Reduce input groups=5087
		Reduce shuffle bytes=38279
		Reduce input records=5087
		Reduce output records=5087
		Spilled Records=10174
		Shuffled Maps =1
		Failed Shuffles=0
		Merged Map outputs=1
		GC time elapsed (ms)=95
		Total committed heap usage (bytes)=635437056
	Shuffle Errors
		BAD_ID=0
		CONNECTION=0
		IO_ERROR=0
		WRONG_LENGTH=0
		WRONG_MAP=0
		WRONG_REDUCE=0
	File Input Format Counters 
		Bytes Read=6139407
	File Output Format Counters 
		Bytes Written=28327
2016-11-09 18:59:37,432 WARN org.apache.hadoop.util.NativeCodeLoader: Unable to load native-hadoop library for your platform... using builtin-java classes where applicable
2016-11-09 18:59:38,138 INFO org.apache.hadoop.conf.Configuration.deprecation: session.id is deprecated. Instead, use dfs.metrics.session-id
2016-11-09 18:59:38,139 INFO org.apache.hadoop.metrics.jvm.JvmMetrics: Initializing JVM Metrics with processName=JobTracker, sessionId=
2016-11-09 18:59:38,447 WARN org.apache.hadoop.mapreduce.JobResourceUploader: No job jar file set.  User classes may not be found. See Job or Job#setJar(String).
2016-11-09 18:59:38,458 INFO org.apache.hadoop.mapreduce.JobSubmitter: Cleaning up the staging area file:/tmp/hadoop-cloudera/mapred/staging/cloudera673652387/.staging/job_local673652387_0001
2016-11-09 18:59:38,458 WARN org.apache.hadoop.security.UserGroupInformation: PriviledgedActionException as:cloudera (auth:SIMPLE) cause:org.apache.hadoop.mapreduce.lib.input.InvalidInputException: Input path does not exist: file:/home/cloudera/workspace/mapreduce-examples/input/stackoverflow/inputComments.xml
2016-11-09 19:03:28,931 WARN org.apache.hadoop.util.NativeCodeLoader: Unable to load native-hadoop library for your platform... using builtin-java classes where applicable
2016-11-09 19:03:29,687 INFO org.apache.hadoop.conf.Configuration.deprecation: session.id is deprecated. Instead, use dfs.metrics.session-id
2016-11-09 19:03:29,696 INFO org.apache.hadoop.metrics.jvm.JvmMetrics: Initializing JVM Metrics with processName=JobTracker, sessionId=
2016-11-09 19:03:30,133 WARN org.apache.hadoop.mapreduce.JobResourceUploader: No job jar file set.  User classes may not be found. See Job or Job#setJar(String).
2016-11-09 19:03:30,143 INFO org.apache.hadoop.mapreduce.lib.input.FileInputFormat: Total input paths to process : 1
2016-11-09 19:03:30,159 INFO org.apache.hadoop.mapreduce.lib.input.FileInputFormat: Total input paths to process : 1
2016-11-09 19:03:30,215 INFO org.apache.hadoop.mapreduce.JobSubmitter: number of splits:2
2016-11-09 19:03:30,476 INFO org.apache.hadoop.mapreduce.JobSubmitter: Submitting tokens for job: job_local387096950_0001
2016-11-09 19:03:31,188 INFO org.apache.hadoop.mapreduce.Job: The url to track the job: http://localhost:8080/
2016-11-09 19:03:31,190 INFO org.apache.hadoop.mapreduce.Job: Running job: job_local387096950_0001
2016-11-09 19:03:31,191 INFO org.apache.hadoop.mapred.LocalJobRunner: OutputCommitter set in config null
2016-11-09 19:03:31,201 INFO org.apache.hadoop.mapreduce.lib.output.FileOutputCommitter: File Output Committer Algorithm version is 1
2016-11-09 19:03:31,201 INFO org.apache.hadoop.mapred.LocalJobRunner: OutputCommitter is org.apache.hadoop.mapreduce.lib.output.FileOutputCommitter
2016-11-09 19:03:31,265 INFO org.apache.hadoop.mapred.LocalJobRunner: Waiting for map tasks
2016-11-09 19:03:31,265 INFO org.apache.hadoop.mapred.LocalJobRunner: Starting task: attempt_local387096950_0001_m_000000_0
2016-11-09 19:03:31,314 INFO org.apache.hadoop.mapreduce.lib.output.FileOutputCommitter: File Output Committer Algorithm version is 1
2016-11-09 19:03:31,345 INFO org.apache.hadoop.mapred.Task:  Using ResourceCalculatorProcessTree : [ ]
2016-11-09 19:03:31,378 INFO org.apache.hadoop.mapred.MapTask: Processing split: file:/home/cloudera/workspace/mapreduce-examples/input/stackoverflow/inputComments.xml:0+6139407
2016-11-09 19:03:32,344 INFO org.apache.hadoop.mapreduce.Job: Job job_local387096950_0001 running in uber mode : false
2016-11-09 19:03:32,344 INFO org.apache.hadoop.mapreduce.Job:  map 0% reduce 0%
2016-11-09 19:03:32,346 INFO org.apache.hadoop.mapred.MapTask: (EQUATOR) 0 kvi 26214396(104857584)
2016-11-09 19:03:32,346 INFO org.apache.hadoop.mapred.MapTask: mapreduce.task.io.sort.mb: 100
2016-11-09 19:03:32,346 INFO org.apache.hadoop.mapred.MapTask: soft limit at 83886080
2016-11-09 19:03:32,346 INFO org.apache.hadoop.mapred.MapTask: bufstart = 0; bufvoid = 104857600
2016-11-09 19:03:32,346 INFO org.apache.hadoop.mapred.MapTask: kvstart = 26214396; length = 6553600
2016-11-09 19:03:32,349 INFO org.apache.hadoop.mapred.MapTask: Map output collector class = org.apache.hadoop.mapred.MapTask$MapOutputBuffer
2016-11-09 19:03:33,542 INFO org.apache.hadoop.mapred.LocalJobRunner: 
2016-11-09 19:03:33,542 INFO org.apache.hadoop.mapred.MapTask: Starting flush of map output
2016-11-09 19:03:33,542 INFO org.apache.hadoop.mapred.MapTask: Spilling map output
2016-11-09 19:03:33,543 INFO org.apache.hadoop.mapred.MapTask: bufstart = 0; bufend = 5903144; bufvoid = 104857600
2016-11-09 19:03:33,543 INFO org.apache.hadoop.mapred.MapTask: kvstart = 26214396(104857584); kvend = 26117788(104471152); length = 96609/6553600
2016-11-09 19:03:33,702 INFO org.apache.hadoop.mapred.MapTask: Finished spill 0
2016-11-09 19:03:33,705 INFO org.apache.hadoop.mapred.Task: Task:attempt_local387096950_0001_m_000000_0 is done. And is in the process of committing
2016-11-09 19:03:33,710 INFO org.apache.hadoop.mapred.LocalJobRunner: map
2016-11-09 19:03:33,711 INFO org.apache.hadoop.mapred.Task: Task 'attempt_local387096950_0001_m_000000_0' done.
2016-11-09 19:03:33,711 INFO org.apache.hadoop.mapred.LocalJobRunner: Finishing task: attempt_local387096950_0001_m_000000_0
2016-11-09 19:03:33,711 INFO org.apache.hadoop.mapred.LocalJobRunner: Starting task: attempt_local387096950_0001_m_000001_0
2016-11-09 19:03:33,712 INFO org.apache.hadoop.mapreduce.lib.output.FileOutputCommitter: File Output Committer Algorithm version is 1
2016-11-09 19:03:33,712 INFO org.apache.hadoop.mapred.Task:  Using ResourceCalculatorProcessTree : [ ]
2016-11-09 19:03:33,713 INFO org.apache.hadoop.mapred.MapTask: Processing split: file:/home/cloudera/workspace/mapreduce-examples/input/stackoverflow/inputUsers.xml:0+2843995
2016-11-09 19:03:34,381 INFO org.apache.hadoop.mapreduce.Job:  map 100% reduce 0%
2016-11-09 19:03:34,510 INFO org.apache.hadoop.mapred.MapTask: (EQUATOR) 0 kvi 26214396(104857584)
2016-11-09 19:03:34,510 INFO org.apache.hadoop.mapred.MapTask: mapreduce.task.io.sort.mb: 100
2016-11-09 19:03:34,510 INFO org.apache.hadoop.mapred.MapTask: soft limit at 83886080
2016-11-09 19:03:34,510 INFO org.apache.hadoop.mapred.MapTask: bufstart = 0; bufvoid = 104857600
2016-11-09 19:03:34,511 INFO org.apache.hadoop.mapred.MapTask: kvstart = 26214396; length = 6553600
2016-11-09 19:03:34,511 INFO org.apache.hadoop.mapred.MapTask: Map output collector class = org.apache.hadoop.mapred.MapTask$MapOutputBuffer
2016-11-09 19:03:34,668 INFO org.apache.hadoop.mapred.LocalJobRunner: 
2016-11-09 19:03:34,668 INFO org.apache.hadoop.mapred.MapTask: Starting flush of map output
2016-11-09 19:03:34,668 INFO org.apache.hadoop.mapred.MapTask: Spilling map output
2016-11-09 19:03:34,675 INFO org.apache.hadoop.mapred.MapTask: bufstart = 0; bufend = 2890121; bufvoid = 104857600
2016-11-09 19:03:34,675 INFO org.apache.hadoop.mapred.MapTask: kvstart = 26214396(104857584); kvend = 26185752(104743008); length = 28645/6553600
2016-11-09 19:03:34,717 INFO org.apache.hadoop.mapred.MapTask: Finished spill 0
2016-11-09 19:03:34,718 INFO org.apache.hadoop.mapred.Task: Task:attempt_local387096950_0001_m_000001_0 is done. And is in the process of committing
2016-11-09 19:03:34,721 INFO org.apache.hadoop.mapred.LocalJobRunner: map
2016-11-09 19:03:34,721 INFO org.apache.hadoop.mapred.Task: Task 'attempt_local387096950_0001_m_000001_0' done.
2016-11-09 19:03:34,721 INFO org.apache.hadoop.mapred.LocalJobRunner: Finishing task: attempt_local387096950_0001_m_000001_0
2016-11-09 19:03:34,721 INFO org.apache.hadoop.mapred.LocalJobRunner: map task executor complete.
2016-11-09 19:03:34,726 INFO org.apache.hadoop.mapred.LocalJobRunner: Waiting for reduce tasks
2016-11-09 19:03:34,726 INFO org.apache.hadoop.mapred.LocalJobRunner: Starting task: attempt_local387096950_0001_r_000000_0
2016-11-09 19:03:34,731 INFO org.apache.hadoop.mapreduce.lib.output.FileOutputCommitter: File Output Committer Algorithm version is 1
2016-11-09 19:03:34,731 INFO org.apache.hadoop.mapred.Task:  Using ResourceCalculatorProcessTree : [ ]
2016-11-09 19:03:34,733 INFO org.apache.hadoop.mapred.ReduceTask: Using ShuffleConsumerPlugin: org.apache.hadoop.mapreduce.task.reduce.Shuffle@77097192
2016-11-09 19:03:34,741 INFO org.apache.hadoop.mapreduce.task.reduce.MergeManagerImpl: MergerManager: memoryLimit=2602041344, maxSingleShuffleLimit=650510336, mergeThreshold=1717347328, ioSortFactor=10, memToMemMergeOutputsThreshold=10
2016-11-09 19:03:34,746 INFO org.apache.hadoop.mapreduce.task.reduce.EventFetcher: attempt_local387096950_0001_r_000000_0 Thread started: EventFetcher for fetching Map Completion Events
2016-11-09 19:03:34,765 INFO org.apache.hadoop.mapreduce.task.reduce.LocalFetcher: localfetcher#1 about to shuffle output of map attempt_local387096950_0001_m_000000_0 decomp: 5982023 len: 5982027 to MEMORY
2016-11-09 19:03:34,810 INFO org.apache.hadoop.mapreduce.task.reduce.InMemoryMapOutput: Read 5982023 bytes from map-output for attempt_local387096950_0001_m_000000_0
2016-11-09 19:03:34,811 INFO org.apache.hadoop.mapreduce.task.reduce.MergeManagerImpl: closeInMemoryFile -> map-output of size: 5982023, inMemoryMapOutputs.size() -> 1, commitMemory -> 0, usedMemory ->5982023
2016-11-09 19:03:34,813 INFO org.apache.hadoop.mapreduce.task.reduce.LocalFetcher: localfetcher#1 about to shuffle output of map attempt_local387096950_0001_m_000001_0 decomp: 2915771 len: 2915775 to MEMORY
2016-11-09 19:03:34,819 INFO org.apache.hadoop.mapreduce.task.reduce.InMemoryMapOutput: Read 2915771 bytes from map-output for attempt_local387096950_0001_m_000001_0
2016-11-09 19:03:34,819 INFO org.apache.hadoop.mapreduce.task.reduce.MergeManagerImpl: closeInMemoryFile -> map-output of size: 2915771, inMemoryMapOutputs.size() -> 2, commitMemory -> 5982023, usedMemory ->8897794
2016-11-09 19:03:34,820 INFO org.apache.hadoop.mapreduce.task.reduce.EventFetcher: EventFetcher is interrupted.. Returning
2016-11-09 19:03:34,820 INFO org.apache.hadoop.mapred.LocalJobRunner: 2 / 2 copied.
2016-11-09 19:03:34,820 INFO org.apache.hadoop.mapreduce.task.reduce.MergeManagerImpl: finalMerge called with 2 in-memory map-outputs and 0 on-disk map-outputs
2016-11-09 19:03:34,824 INFO org.apache.hadoop.mapred.Merger: Merging 2 sorted segments
2016-11-09 19:03:34,825 INFO org.apache.hadoop.mapred.Merger: Down to the last merge-pass, with 2 segments left of total size: 8897780 bytes
2016-11-09 19:03:35,002 INFO org.apache.hadoop.mapreduce.task.reduce.MergeManagerImpl: Merged 2 segments, 8897794 bytes to disk to satisfy reduce memory limit
2016-11-09 19:03:35,002 INFO org.apache.hadoop.mapreduce.task.reduce.MergeManagerImpl: Merging 1 files, 8897796 bytes from disk
2016-11-09 19:03:35,003 INFO org.apache.hadoop.mapreduce.task.reduce.MergeManagerImpl: Merging 0 segments, 0 bytes from memory into reduce
2016-11-09 19:03:35,003 INFO org.apache.hadoop.mapred.Merger: Merging 1 sorted segments
2016-11-09 19:03:35,003 INFO org.apache.hadoop.mapred.Merger: Down to the last merge-pass, with 1 segments left of total size: 8897785 bytes
2016-11-09 19:03:35,004 INFO org.apache.hadoop.mapred.LocalJobRunner: 2 / 2 copied.
2016-11-09 19:03:35,014 INFO org.apache.hadoop.conf.Configuration.deprecation: mapred.skip.on is deprecated. Instead, use mapreduce.job.skiprecords
2016-11-09 19:03:35,259 INFO org.apache.hadoop.mapred.Task: Task:attempt_local387096950_0001_r_000000_0 is done. And is in the process of committing
2016-11-09 19:03:35,260 INFO org.apache.hadoop.mapred.LocalJobRunner: 2 / 2 copied.
2016-11-09 19:03:35,263 INFO org.apache.hadoop.mapred.Task: Task attempt_local387096950_0001_r_000000_0 is allowed to commit now
2016-11-09 19:03:35,264 INFO org.apache.hadoop.mapreduce.lib.output.FileOutputCommitter: Saved output of task 'attempt_local387096950_0001_r_000000_0' to file:/home/cloudera/workspace/mapreduce-examples/output/stackoverflow/joins/reducesidejoin/_temporary/0/task_local387096950_0001_r_000000
2016-11-09 19:03:35,265 INFO org.apache.hadoop.mapred.LocalJobRunner: reduce > reduce
2016-11-09 19:03:35,265 INFO org.apache.hadoop.mapred.Task: Task 'attempt_local387096950_0001_r_000000_0' done.
2016-11-09 19:03:35,265 INFO org.apache.hadoop.mapred.LocalJobRunner: Finishing task: attempt_local387096950_0001_r_000000_0
2016-11-09 19:03:35,265 INFO org.apache.hadoop.mapred.LocalJobRunner: reduce task executor complete.
2016-11-09 19:03:35,382 INFO org.apache.hadoop.mapreduce.Job:  map 100% reduce 100%
2016-11-09 19:03:35,382 INFO org.apache.hadoop.mapreduce.Job: Job job_local387096950_0001 completed successfully
2016-11-09 19:03:35,397 INFO org.apache.hadoop.mapreduce.Job: Counters: 30
	File System Counters
		FILE: Number of bytes read=41905206
		FILE: Number of bytes written=33526645
		FILE: Number of read operations=0
		FILE: Number of large read operations=0
		FILE: Number of write operations=0
	Map-Reduce Framework
		Map input records=32775
		Map output records=31315
		Map output bytes=8793265
		Map output materialized bytes=8897802
		Input split bytes=610
		Combine input records=0
		Combine output records=0
		Reduce input groups=10674
		Reduce shuffle bytes=8897802
		Reduce input records=31315
		Reduce output records=24
		Spilled Records=62630
		Shuffled Maps =2
		Failed Shuffles=0
		Merged Map outputs=2
		GC time elapsed (ms)=223
		Total committed heap usage (bytes)=1430257664
	Shuffle Errors
		BAD_ID=0
		CONNECTION=0
		IO_ERROR=0
		WRONG_LENGTH=0
		WRONG_MAP=0
		WRONG_REDUCE=0
	File Input Format Counters 
		Bytes Read=0
	File Output Format Counters 
		Bytes Written=20067
